<?xml version="1.0" encoding="UTF-8" ?>
<testsuite tests="4" failures="0" name="com.cybage.alm.test.SeleniumDockerTest" time="0.001" errors="0" skipped="0">
  <properties>
[...]
</properties>
  <testcase classname="com.cybage.alm.test.SeleniumDockerTest" name="functionality1" time="0.001"/>
  <testcase classname="com.cybage.alm.test.SeleniumDockerTest" name="functionality2" time="0"/>
  <testcase classname="com.cybage.alm.test.SeleniumDockerTest" name="functionality3" time="0"/>
  <testcase classname="com.cybage.alm.test.SeleniumDockerTest" name="functionality4" time="0"/>
</testsuite>