<?xml version="1.0" encoding="UTF-8"?>
<testng-results skipped="0" failed="0" total="4" passed="4">
  <reporter-output>
  </reporter-output>
  <suite name="com.cybage.alm.test.SeleniumDockerTest" duration-ms="7" started-at="2016-12-29T01:59:16Z" finished-at="2016-12-29T01:59:16Z">
    <groups>
    </groups>
    <test name="Command line test" duration-ms="7" started-at="2016-12-29T01:59:16Z" finished-at="2016-12-29T01:59:16Z">
      <class name="com.cybage.alm.test.SeleniumDockerTest">
        <test-method status="PASS" signature="launchBrowser()[pri:0, instance:com.cybage.alm.test.SeleniumDockerTest@6108b2d7]" name="launchBrowser" is-config="true" duration-ms="3346" started-at="2016-12-29T07:29:12Z" finished-at="2016-12-29T07:29:16Z">
          <reporter-output>
          </reporter-output>
        </test-method> <!-- launchBrowser -->
        <test-method status="PASS" signature="functionality1()[pri:0, instance:com.cybage.alm.test.SeleniumDockerTest@6108b2d7]" name="functionality1" duration-ms="1" started-at="2016-12-29T07:29:16Z" finished-at="2016-12-29T07:29:16Z">
          <reporter-output>
          </reporter-output>
        </test-method> <!-- functionality1 -->
        <test-method status="PASS" signature="functionality2()[pri:0, instance:com.cybage.alm.test.SeleniumDockerTest@6108b2d7]" name="functionality2" duration-ms="1" started-at="2016-12-29T07:29:16Z" finished-at="2016-12-29T07:29:16Z">
          <reporter-output>
          </reporter-output>
        </test-method> <!-- functionality2 -->
        <test-method status="PASS" signature="functionality3()[pri:0, instance:com.cybage.alm.test.SeleniumDockerTest@6108b2d7]" name="functionality3" duration-ms="0" started-at="2016-12-29T07:29:16Z" finished-at="2016-12-29T07:29:16Z">
          <reporter-output>
          </reporter-output>
        </test-method> <!-- functionality3 -->
        <test-method status="PASS" signature="functionality4()[pri:0, instance:com.cybage.alm.test.SeleniumDockerTest@6108b2d7]" name="functionality4" duration-ms="0" started-at="2016-12-29T07:29:16Z" finished-at="2016-12-29T07:29:16Z">
          <reporter-output>
          </reporter-output>
        </test-method> <!-- functionality4 -->
        <test-method status="PASS" signature="kill()[pri:0, instance:com.cybage.alm.test.SeleniumDockerTest@6108b2d7]" name="kill" is-config="true" duration-ms="79" started-at="2016-12-29T07:29:16Z" finished-at="2016-12-29T07:29:16Z">
          <reporter-output>
          </reporter-output>
        </test-method> <!-- kill -->
      </class> <!-- com.cybage.alm.test.SeleniumDockerTest -->
    </test> <!-- Command line test -->
  </suite> <!-- com.cybage.alm.test.SeleniumDockerTest -->
</testng-results>
