<?xml version="1.0" encoding="UTF-8"?>
<!-- Generated by org.testng.reporters.JUnitXMLReporter -->
<testsuite hostname="prashantdh" name="Command line test" tests="4" failures="0" timestamp="29 Dec 2016 01:59:16 GMT" time="0.007" errors="0">
  <testcase name="functionality1" time="0.001" classname="com.cybage.alm.test.SeleniumDockerTest"/>
  <testcase name="functionality2" time="0.001" classname="com.cybage.alm.test.SeleniumDockerTest"/>
  <testcase name="functionality3" time="0.0" classname="com.cybage.alm.test.SeleniumDockerTest"/>
  <testcase name="functionality4" time="0.0" classname="com.cybage.alm.test.SeleniumDockerTest"/>
</testsuite> <!-- Command line test -->
